<?xml version="1.0" encoding="UTF-8"?>
<testsuite name="Login into the application" tests="2" skipped="0" failures="1" errors="0" timestamp="2021-07-30T20:19:59" hostname="S145-R7" time="42.49">
  <properties/>
  <testcase name="System validates user and password #1" classname="Login into the application" time="28.901">
    <failure message="org.openqa.selenium.NoSuchWindowException: no such window: target window already closed&#10;from unknown error: web view not found&#10;  (Session info: chrome=90.0.4430.93)&#10;Build info: version: '3.141.59', revision: 'e82be7d358', time: '2018-11-14T08:17:03'&#10;System info: host: 'S145-R7', ip: '127.0.1.1', os.name: 'Linux', os.arch: 'amd64', os.version: '5.9.8-050908-generic', java.version: '11.0.10'&#10;Driver info: org.openqa.selenium.chrome.ChromeDriver&#10;Capabilities {acceptInsecureCerts: false, browserName: chrome, browserVersion: 90.0.4430.93, chrome: {chromedriverVersion: 90.0.4430.24 (4c6d850f087da..., userDataDir: /tmp/.com.google.Chrome.GCDFjC}, goog:chromeOptions: {debuggerAddress: localhost:33981}, javascriptEnabled: true, networkConnectionEnabled: false, pageLoadStrategy: normal, platform: LINUX, platformName: LINUX, proxy: Proxy(), setWindowRect: true, strictFileInteractability: false, timeouts: {implicit: 0, pageLoad: 300000, script: 30000}, unhandledPromptBehavior: dismiss and notify, webauthn:extension:largeBlob: true, webauthn:virtualAuthenticators: true}&#10;Session ID: ef28e5587bde1994c84a690c5d381109&#10;*** Element info: {Using=css selector, value=.jss63}" type="org.openqa.selenium.NoSuchWindowException">org.openqa.selenium.NoSuchWindowException: no such window: target window already closed
from unknown error: web view not found
  (Session info: chrome=90.0.4430.93)
Build info: version: '3.141.59', revision: 'e82be7d358', time: '2018-11-14T08:17:03'
System info: host: 'S145-R7', ip: '127.0.1.1', os.name: 'Linux', os.arch: 'amd64', os.version: '5.9.8-050908-generic', java.version: '11.0.10'
Driver info: org.openqa.selenium.chrome.ChromeDriver
Capabilities {acceptInsecureCerts: false, browserName: chrome, browserVersion: 90.0.4430.93, chrome: {chromedriverVersion: 90.0.4430.24 (4c6d850f087da..., userDataDir: /tmp/.com.google.Chrome.GCDFjC}, goog:chromeOptions: {debuggerAddress: localhost:33981}, javascriptEnabled: true, networkConnectionEnabled: false, pageLoadStrategy: normal, platform: LINUX, platformName: LINUX, proxy: Proxy(), setWindowRect: true, strictFileInteractability: false, timeouts: {implicit: 0, pageLoad: 300000, script: 30000}, unhandledPromptBehavior: dismiss and notify, webauthn:extension:largeBlob: true, webauthn:virtualAuthenticators: true}
Session ID: ef28e5587bde1994c84a690c5d381109
*** Element info: {Using=css selector, value=.jss63}
	at java.base/jdk.internal.reflect.NativeConstructorAccessorImpl.newInstance0(Native Method)
	at java.base/jdk.internal.reflect.NativeConstructorAccessorImpl.newInstance(NativeConstructorAccessorImpl.java:62)
	at java.base/jdk.internal.reflect.DelegatingConstructorAccessorImpl.newInstance(DelegatingConstructorAccessorImpl.java:45)
	at java.base/java.lang.reflect.Constructor.newInstance(Constructor.java:490)
	at org.openqa.selenium.remote.http.W3CHttpResponseCodec.createException(W3CHttpResponseCodec.java:187)
	at org.openqa.selenium.remote.http.W3CHttpResponseCodec.decode(W3CHttpResponseCodec.java:122)
	at org.openqa.selenium.remote.http.W3CHttpResponseCodec.decode(W3CHttpResponseCodec.java:49)
	at org.openqa.selenium.remote.HttpCommandExecutor.execute(HttpCommandExecutor.java:158)
	at org.openqa.selenium.remote.service.DriverCommandExecutor.execute(DriverCommandExecutor.java:83)
	at org.openqa.selenium.remote.RemoteWebDriver.execute(RemoteWebDriver.java:552)
	at org.openqa.selenium.remote.RemoteWebDriver.findElement(RemoteWebDriver.java:323)
	at org.openqa.selenium.remote.RemoteWebDriver.findElementByCssSelector(RemoteWebDriver.java:420)
	at org.openqa.selenium.By$ByCssSelector.findElement(By.java:431)
	at org.openqa.selenium.remote.RemoteWebDriver.findElement(RemoteWebDriver.java:315)
	at org.openqa.selenium.support.pagefactory.DefaultElementLocator.findElement(DefaultElementLocator.java:69)
	at org.openqa.selenium.support.pagefactory.internal.LocatingElementHandler.invoke(LocatingElementHandler.java:38)
	at com.sun.proxy.$Proxy24.toString(Unknown Source)
	at java.base/java.lang.String.valueOf(String.java:2951)
	at java.base/java.lang.StringBuilder.append(StringBuilder.java:168)
	at org.openqa.selenium.support.ui.ExpectedConditions$23.toString(ExpectedConditions.java:683)
	at java.base/java.lang.String.valueOf(String.java:2951)
	at java.base/java.lang.StringBuilder.append(StringBuilder.java:168)
	at org.openqa.selenium.support.ui.FluentWait.until(FluentWait.java:268)
	at media.planner.test.driver.Driver.waitClickableElement(Driver.java:90)
	at media.planner.test.cucumber.steps.LoginStep.the_system_validates_login(LoginStep.java:40)
	at ✽.the system validates login true(file:///home/carol/ME/media-planner-test/src/test/resources/features/login.feature:11)
</failure>
  </testcase>
  <testcase name="System validates user and password #2" classname="Login into the application" time="13.589"/>
  <system-out><![CDATA[
@login
Scenario Outline: System validates user and password               ?[90m# src/test/resources/features/login.feature:15?[0m
Initializing driver setup...
# Configuration:
- driverClass: org.openqa.selenium.chrome.ChromeDriver
- timeOutInSeconds: 15
- implicitWait: 20
- windowMaximize: true
- browserModeType: local
UrlMediaPlannerBase: https://testing-planning.marketingevolution.com
  ?[32mGiven ?[0m?[32mthe user has access to "Login Page"?[0m                        ?[90m# media.planner.test.cucumber.steps.LoginStep.the_user_has_access_to()?[0m
  ?[32mGiven ?[0m?[32mthe user login with ?[0m?[32m?[1m"planner.mktev.auto"?[0m?[32m and ?[0m?[32m?[1m"!Automatio1"?[0m ?[90m# media.planner.test.cucumber.steps.LoginStep.the_user_login_with_and(java.lang.String,java.lang.String)?[0m
  ?[31mThen ?[0m?[31mthe system validates login ?[0m?[31m?[1mtrue?[0m                             ?[90m# media.planner.test.cucumber.steps.LoginStep.the_system_validates_login(java.lang.Boolean)?[0m
      ?[31morg.openqa.selenium.NoSuchWindowException: no such window: target window already closed
from unknown error: web view not found
  (Session info: chrome=90.0.4430.93)
Build info: version: '3.141.59', revision: 'e82be7d358', time: '2018-11-14T08:17:03'
System info: host: 'S145-R7', ip: '127.0.1.1', os.name: 'Linux', os.arch: 'amd64', os.version: '5.9.8-050908-generic', java.version: '11.0.10'
Driver info: org.openqa.selenium.chrome.ChromeDriver
Capabilities {acceptInsecureCerts: false, browserName: chrome, browserVersion: 90.0.4430.93, chrome: {chromedriverVersion: 90.0.4430.24 (4c6d850f087da..., userDataDir: /tmp/.com.google.Chrome.GCDFjC}, goog:chromeOptions: {debuggerAddress: localhost:33981}, javascriptEnabled: true, networkConnectionEnabled: false, pageLoadStrategy: normal, platform: LINUX, platformName: LINUX, proxy: Proxy(), setWindowRect: true, strictFileInteractability: false, timeouts: {implicit: 0, pageLoad: 300000, script: 30000}, unhandledPromptBehavior: dismiss and notify, webauthn:extension:largeBlob: true, webauthn:virtualAuthenticators: true}
Session ID: ef28e5587bde1994c84a690c5d381109
*** Element info: {Using=css selector, value=.jss63}
	at java.base/jdk.internal.reflect.NativeConstructorAccessorImpl.newInstance0(Native Method)
	at java.base/jdk.internal.reflect.NativeConstructorAccessorImpl.newInstance(NativeConstructorAccessorImpl.java:62)
	at java.base/jdk.internal.reflect.DelegatingConstructorAccessorImpl.newInstance(DelegatingConstructorAccessorImpl.java:45)
	at java.base/java.lang.reflect.Constructor.newInstance(Constructor.java:490)
	at org.openqa.selenium.remote.http.W3CHttpResponseCodec.createException(W3CHttpResponseCodec.java:187)
	at org.openqa.selenium.remote.http.W3CHttpResponseCodec.decode(W3CHttpResponseCodec.java:122)
	at org.openqa.selenium.remote.http.W3CHttpResponseCodec.decode(W3CHttpResponseCodec.java:49)
	at org.openqa.selenium.remote.HttpCommandExecutor.execute(HttpCommandExecutor.java:158)
	at org.openqa.selenium.remote.service.DriverCommandExecutor.execute(DriverCommandExecutor.java:83)
	at org.openqa.selenium.remote.RemoteWebDriver.execute(RemoteWebDriver.java:552)
	at org.openqa.selenium.remote.RemoteWebDriver.findElement(RemoteWebDriver.java:323)
	at org.openqa.selenium.remote.RemoteWebDriver.findElementByCssSelector(RemoteWebDriver.java:420)
	at org.openqa.selenium.By$ByCssSelector.findElement(By.java:431)
	at org.openqa.selenium.remote.RemoteWebDriver.findElement(RemoteWebDriver.java:315)
	at org.openqa.selenium.support.pagefactory.DefaultElementLocator.findElement(DefaultElementLocator.java:69)
	at org.openqa.selenium.support.pagefactory.internal.LocatingElementHandler.invoke(LocatingElementHandler.java:38)
	at com.sun.proxy.$Proxy24.toString(Unknown Source)
	at java.base/java.lang.String.valueOf(String.java:2951)
	at java.base/java.lang.StringBuilder.append(StringBuilder.java:168)
	at org.openqa.selenium.support.ui.ExpectedConditions$23.toString(ExpectedConditions.java:683)
	at java.base/java.lang.String.valueOf(String.java:2951)
	at java.base/java.lang.StringBuilder.append(StringBuilder.java:168)
	at org.openqa.selenium.support.ui.FluentWait.until(FluentWait.java:268)
	at media.planner.test.driver.Driver.waitClickableElement(Driver.java:90)
	at media.planner.test.cucumber.steps.LoginStep.the_system_validates_login(LoginStep.java:40)
	at ✽.the system validates login true(file:///home/carol/ME/media-planner-test/src/test/resources/features/login.feature:11)
?[0m

@login
Scenario Outline: System validates user and password ?[90m# src/test/resources/features/login.feature:16?[0m
Initializing driver setup...
# Configuration:
- driverClass: org.openqa.selenium.chrome.ChromeDriver
- timeOutInSeconds: 15
- implicitWait: 20
- windowMaximize: true
- browserModeType: local
UrlMediaPlannerBase: https://testing-planning.marketingevolution.com
  ?[32mGiven ?[0m?[32mthe user has access to "Login Page"?[0m          ?[90m# media.planner.test.cucumber.steps.LoginStep.the_user_has_access_to()?[0m
  ?[32mGiven ?[0m?[32mthe user login with ?[0m?[32m?[1m"test"?[0m?[32m and ?[0m?[32m?[1m"xxx123"?[0m      ?[90m# media.planner.test.cucumber.steps.LoginStep.the_user_login_with_and(java.lang.String,java.lang.String)?[0m
  ?[32mThen ?[0m?[32mthe system validates login ?[0m?[32m?[1mfalse?[0m              ?[90m# media.planner.test.cucumber.steps.LoginStep.the_system_validates_login(java.lang.Boolean)?[0m
]]></system-out>
  <system-err><![CDATA[SLF4J: Failed to load class "org.slf4j.impl.StaticLoggerBinder".
SLF4J: Defaulting to no-operation (NOP) logger implementation
SLF4J: See http://www.slf4j.org/codes.html#StaticLoggerBinder for further details.
Starting ChromeDriver 90.0.4430.24 (4c6d850f087da467d926e8eddb76550aed655991-refs/branch-heads/4430@{#429}) on port 30981
Only local connections are allowed.
Please see https://chromedriver.chromium.org/security-considerations for suggestions on keeping ChromeDriver safe.
ChromeDriver was started successfully.
Jul 30, 2021 5:20:01 PM org.openqa.selenium.remote.ProtocolHandshake createSession
INFO: Detected dialect: W3C
Jul 30, 2021 5:20:02 PM media.planner.test.cucumber.steps.BaseStep setUp
INFO: Connecting to: https://testing-planning.marketingevolution.com
Starting ChromeDriver 90.0.4430.24 (4c6d850f087da467d926e8eddb76550aed655991-refs/branch-heads/4430@{#429}) on port 8089
Only local connections are allowed.
Please see https://chromedriver.chromium.org/security-considerations for suggestions on keeping ChromeDriver safe.
ChromeDriver was started successfully.
Jul 30, 2021 5:20:29 PM org.openqa.selenium.remote.ProtocolHandshake createSession
INFO: Detected dialect: W3C
Jul 30, 2021 5:20:29 PM media.planner.test.cucumber.steps.BaseStep setUp
INFO: Connecting to: https://testing-planning.marketingevolution.com
Jul 30, 2021 5:20:42 PM media.planner.test.cucumber.steps.LoginStep the_system_validates_login
INFO: Test with invalid credentials
]]></system-err>
</testsuite>
